Using pre-set license
Built from '2020.2/release' branch; Version is '2020.2.1f1 (270dd8c3da1c) revision 2559448'; Using compiler version '192528614'; Build Type 'Release'
OS: 'Windows 10  (10.0.0) 64bit' Language: 'es' Physical Memory: 16300 MB
BatchMode: 1, IsHumanControllingUs: 0, StartBugReporterOnCrash: 0, Is64bit: 1, IsPro: 0

 COMMAND LINE ARGUMENTS:
C:\Program Files\Unity\Hub\Editor\2020.2.1f1\Editor\Unity.exe
-adb2
-batchMode
-noUpm
-name
AssetImportWorker0
-projectPath
C:/Users/Maperius/Desktop/Technical Direction/SkyPortal/Assets/Member Scenes/Miguel
-logFile
Logs/AssetImportWorker0.log
-srvPort
56406
Successfully changed project path to: C:/Users/Maperius/Desktop/Technical Direction/SkyPortal/Assets/Member Scenes/Miguel
C:/Users/Maperius/Desktop/Technical Direction/SkyPortal/Assets/Member Scenes/Miguel
Using Asset Import Pipeline V2.
Refreshing native plugins compatible for Editor in 23.95 ms, found 0 plugins.
Preloading 0 native plugins for Editor in 0.00 ms.
Initialize engine version: 2020.2.1f1 (270dd8c3da1c)
[Subsystems] Discovering subsystems at path C:/Program Files/Unity/Hub/Editor/2020.2.1f1/Editor/Data/Resources/UnitySubsystems
[Subsystems] Discovering subsystems at path C:/Users/Maperius/Desktop/Technical Direction/SkyPortal/Assets/Member Scenes/Miguel/Assets
GfxDevice: creating device client; threaded=0
Direct3D:
    Version:  Direct3D 11.0 [level 11.1]
    Renderer: NVIDIA GeForce GTX 980 (ID=0x13c0)
    Vendor:   
    VRAM:     4053 MB
    Driver:   27.21.14.5671
Initialize mono
Mono path[0] = 'C:/Program Files/Unity/Hub/Editor/2020.2.1f1/Editor/Data/Managed'
Mono path[1] = 'C:/Program Files/Unity/Hub/Editor/2020.2.1f1/Editor/Data/MonoBleedingEdge/lib/mono/unityjit'
Mono config path = 'C:/Program Files/Unity/Hub/Editor/2020.2.1f1/Editor/Data/MonoBleedingEdge/etc'
Using monoOptions --debugger-agent=transport=dt_socket,embedding=1,server=y,suspend=n,address=127.0.0.1:56708
Begin MonoManager ReloadAssembly
Registering precompiled unity dll's ...
Register platform support module: C:/Program Files/Unity/Hub/Editor/2020.2.1f1/Editor/Data/PlaybackEngines/WindowsStandaloneSupport/UnityEditor.WindowsStandalone.Extensions.dll
Registered in 0.002131 seconds.
Native extension for WindowsStandalone target not found
Refreshing native plugins compatible for Editor in 23.66 ms, found 0 plugins.
Preloading 0 native plugins for Editor in 0.00 ms.
Invoked RoslynAnalysisRunner static constructor.
RoslynAnalysisRunner will not be running.
RoslynAnalysisRunner has terminated.
Mono: successfully reloaded assembly
- Completed reload, in  1.350 seconds
Platform modules already initialized, skipping
Registering precompiled user dll's ...
Registered in 0.000838 seconds.
Begin MonoManager ReloadAssembly
Native extension for WindowsStandalone target not found
Refreshing native plugins compatible for Editor in 0.22 ms, found 0 plugins.
Preloading 0 native plugins for Editor in 0.00 ms.
Invoked RoslynAnalysisRunner static constructor.
RoslynAnalysisRunner will not be running.
RoslynAnalysisRunner has terminated.
Mono: successfully reloaded assembly
- Completed reload, in  0.949 seconds
Platform modules already initialized, skipping
========================================================================
Worker process is ready to serve import requests
Launched and connected shader compiler UnityShaderCompiler.exe after 0.04 seconds
Refreshing native plugins compatible for Editor in 0.20 ms, found 0 plugins.
Preloading 0 native plugins for Editor in 0.00 ms.
Unloading 1094 Unused Serialized files (Serialized files now loaded: 0)
System memory in use before: 56.7 MB.
System memory in use after: 56.7 MB.

Unloading 9 unused Assets to reduce memory usage. Loaded Objects now: 1536.
Total: 2.133100 ms (FindLiveObjects: 0.317600 ms CreateObjectMapping: 0.091500 ms MarkObjects: 1.619500 ms  DeleteObjects: 0.103300 ms)

========================================================================
Received Import Request.
  path: Assets/LOWs/Island_02.obj
  artifactKey: Guid(663a8a61f88cae84eb757e2ec6795a22) Importer(815301076,1909f56bfc062723c751e8b465ee728b)
Start importing Assets/LOWs/Island_02.obj using Guid(663a8a61f88cae84eb757e2ec6795a22) Importer(815301076,1909f56bfc062723c751e8b465ee728b)  -> (artifact id: '3eaadcaed56a5516bcc5d9ea68dca3e2') in 0.514945 seconds
  Import took 0.517117 seconds .

========================================================================
Received Import Request.
  Time since last request: 0.000303 seconds.
  path: Assets/LOWs/Island_01.obj
  artifactKey: Guid(08e18447a7b820f4aaeba133e65c4cf9) Importer(815301076,1909f56bfc062723c751e8b465ee728b)
Start importing Assets/LOWs/Island_01.obj using Guid(08e18447a7b820f4aaeba133e65c4cf9) Importer(815301076,1909f56bfc062723c751e8b465ee728b)  -> (artifact id: '74ad9e262a669981298d43dc3c672574') in 0.034142 seconds
  Import took 0.036360 seconds .

========================================================================
Received Import Request.
  Time since last request: 0.000207 seconds.
  path: Assets/LOWs/Island_Clutter_01.obj
  artifactKey: Guid(6974fc69667133e4a83d20d08eda278c) Importer(815301076,1909f56bfc062723c751e8b465ee728b)
Start importing Assets/LOWs/Island_Clutter_01.obj using Guid(6974fc69667133e4a83d20d08eda278c) Importer(815301076,1909f56bfc062723c751e8b465ee728b)  -> (artifact id: 'd5d013077ccc59494ca545e119a49453') in 0.033600 seconds
  Import took 0.035462 seconds .

========================================================================
Received Import Request.
  Time since last request: 0.000264 seconds.
  path: Assets/LOWs/Island_Waterfall_02.obj
  artifactKey: Guid(0d3afa540f61dd54b8eefdb7a95627e3) Importer(815301076,1909f56bfc062723c751e8b465ee728b)
Start importing Assets/LOWs/Island_Waterfall_02.obj using Guid(0d3afa540f61dd54b8eefdb7a95627e3) Importer(815301076,1909f56bfc062723c751e8b465ee728b)  -> (artifact id: 'e152af002aef66a5ffac4295c387049e') in 0.035563 seconds
  Import took 0.038571 seconds .

========================================================================
Received Import Request.
  Time since last request: 0.000392 seconds.
  path: Assets/LOWs/Mineral_04.2.OBJ
  artifactKey: Guid(9ddfc01df48844545aeba38f247b399e) Importer(815301076,1909f56bfc062723c751e8b465ee728b)
Start importing Assets/LOWs/Mineral_04.2.OBJ using Guid(9ddfc01df48844545aeba38f247b399e) Importer(815301076,1909f56bfc062723c751e8b465ee728b)  -> (artifact id: '3bdd635fb01898a999ce686c681be67c') in 0.037136 seconds
  Import took 0.039049 seconds .

========================================================================
Received Import Request.
  Time since last request: 0.000300 seconds.
  path: Assets/LOWs/Mineral_04.OBJ
  artifactKey: Guid(1a0e8cd19f6b2244494f011bd3152554) Importer(815301076,1909f56bfc062723c751e8b465ee728b)
Start importing Assets/LOWs/Mineral_04.OBJ using Guid(1a0e8cd19f6b2244494f011bd3152554) Importer(815301076,1909f56bfc062723c751e8b465ee728b)  -> (artifact id: '0482b3adddd2c78ef32e7e2ecd767f2d') in 0.035043 seconds
  Import took 0.037052 seconds .

========================================================================
Received Import Request.
  Time since last request: 0.000146 seconds.
  path: Assets/LOWs/Mineral_04.3.OBJ
  artifactKey: Guid(b158186b6f78b3747b40ee94f2ce9f19) Importer(815301076,1909f56bfc062723c751e8b465ee728b)
Start importing Assets/LOWs/Mineral_04.3.OBJ using Guid(b158186b6f78b3747b40ee94f2ce9f19) Importer(815301076,1909f56bfc062723c751e8b465ee728b)  -> (artifact id: '46fbf9090c7a02676bc1ad3d1f00d7b0') in 0.033489 seconds
  Import took 0.035303 seconds .

========================================================================
Received Import Request.
  Time since last request: 0.000213 seconds.
  path: Assets/LOWs/Island_03.OBJ
  artifactKey: Guid(45c120cfaaea4324690f85873ce73129) Importer(815301076,1909f56bfc062723c751e8b465ee728b)
Start importing Assets/LOWs/Island_03.OBJ using Guid(45c120cfaaea4324690f85873ce73129) Importer(815301076,1909f56bfc062723c751e8b465ee728b)  -> (artifact id: 'a2ee8460c1767acbd882ebe58793f405') in 0.033035 seconds
  Import took 0.035282 seconds .

========================================================================
Received Import Request.
  Time since last request: 0.000259 seconds.
  path: Assets/LOWs/Island_Waterfall_01.obj
  artifactKey: Guid(a3befb7b5b4b3d34a9f130e9688d98b5) Importer(815301076,1909f56bfc062723c751e8b465ee728b)
Start importing Assets/LOWs/Island_Waterfall_01.obj using Guid(a3befb7b5b4b3d34a9f130e9688d98b5) Importer(815301076,1909f56bfc062723c751e8b465ee728b)  -> (artifact id: '97aedab2aeac322c9feb0b07ddaa8da7') in 0.035243 seconds
  Import took 0.037216 seconds .

========================================================================
Received Import Request.
  Time since last request: 0.000186 seconds.
  path: Assets/LOWs/Island_04.OBJ
  artifactKey: Guid(18bcb4a0b7b9e474894926d5add2f536) Importer(815301076,1909f56bfc062723c751e8b465ee728b)
Start importing Assets/LOWs/Island_04.OBJ using Guid(18bcb4a0b7b9e474894926d5add2f536) Importer(815301076,1909f56bfc062723c751e8b465ee728b)  -> (artifact id: '2be5e9237b058af74f2f96ca26be7de8') in 0.035464 seconds
  Import took 0.037436 seconds .

========================================================================
Received Import Request.
  Time since last request: 4.455924 seconds.
  path: Assets/Materials/Island_Waterfall_01_initialShadingGroup_AlbedoTransparency.mat
  artifactKey: Guid(0839a929e8b110c499fa0a41a96aa09b) Importer(815301076,1909f56bfc062723c751e8b465ee728b)
Start importing Assets/Materials/Island_Waterfall_01_initialShadingGroup_AlbedoTransparency.mat using Guid(0839a929e8b110c499fa0a41a96aa09b) Importer(815301076,1909f56bfc062723c751e8b465ee728b)  -> (artifact id: 'dc9d53bd926e41af3c0181140811d656') in 0.030986 seconds
  Import took 0.033475 seconds .

========================================================================
Received Import Request.
  Time since last request: 0.000305 seconds.
  path: Assets/Materials/Island_Waterfall_02_initialShadingGroup_AlbedoTransparency.mat
  artifactKey: Guid(887a6f3f953ee8c47a2b0cf765181f61) Importer(815301076,1909f56bfc062723c751e8b465ee728b)
Start importing Assets/Materials/Island_Waterfall_02_initialShadingGroup_AlbedoTransparency.mat using Guid(887a6f3f953ee8c47a2b0cf765181f61) Importer(815301076,1909f56bfc062723c751e8b465ee728b)  -> (artifact id: '1093cec24c0d13e2bc54b42da4fe6538') in 0.020676 seconds
  Import took 0.022714 seconds .

========================================================================
Received Import Request.
  Time since last request: 0.701776 seconds.
  path: Assets/Textures/Island_01_initialShadingGroup_AlbedoTransparency.png
  artifactKey: Guid(cd25d6058abfa524eb97166d70f1a9c8) Importer(815301076,1909f56bfc062723c751e8b465ee728b)
Start importing Assets/Textures/Island_01_initialShadingGroup_AlbedoTransparency.png using Guid(cd25d6058abfa524eb97166d70f1a9c8) Importer(815301076,1909f56bfc062723c751e8b465ee728b)  -> (artifact id: '07c16c7f0f7adcc99c04ffdfaa2da867') in 0.038449 seconds
  Import took 0.040448 seconds .

========================================================================
Received Import Request.
  Time since last request: 0.000369 seconds.
  path: Assets/Textures/Island_03_initialShadingGroup_MetallicSmoothness.png
  artifactKey: Guid(1dd2d84190cd8cc4f81e181c496cb2ba) Importer(815301076,1909f56bfc062723c751e8b465ee728b)
Start importing Assets/Textures/Island_03_initialShadingGroup_MetallicSmoothness.png using Guid(1dd2d84190cd8cc4f81e181c496cb2ba) Importer(815301076,1909f56bfc062723c751e8b465ee728b)  -> (artifact id: 'ca1fe7cffe7f7bfb19538c36e076709c') in 0.032055 seconds
  Import took 0.033886 seconds .

========================================================================
Received Import Request.
  Time since last request: 0.000347 seconds.
  path: Assets/Textures/Island_Waterfall_02_initialShadingGroup_MetallicSmoothness.png
  artifactKey: Guid(7221d19280032b847a2451af6fe93c51) Importer(815301076,1909f56bfc062723c751e8b465ee728b)
Start importing Assets/Textures/Island_Waterfall_02_initialShadingGroup_MetallicSmoothness.png using Guid(7221d19280032b847a2451af6fe93c51) Importer(815301076,1909f56bfc062723c751e8b465ee728b)  -> (artifact id: 'dd6a29313e3d27e8f52cb24bc8a601a6') in 0.023863 seconds
  Import took 0.026436 seconds .

========================================================================
Received Import Request.
  Time since last request: 0.000347 seconds.
  path: Assets/Textures/Mineral_04_initialShadingGroup_AlbedoTransparency.png
  artifactKey: Guid(176a906fc31af9b42bb3097b24dc1833) Importer(815301076,1909f56bfc062723c751e8b465ee728b)
Start importing Assets/Textures/Mineral_04_initialShadingGroup_AlbedoTransparency.png using Guid(176a906fc31af9b42bb3097b24dc1833) Importer(815301076,1909f56bfc062723c751e8b465ee728b)  -> (artifact id: 'aab2457ee59a5567accd1ec1f175eacb') in 0.024907 seconds
  Import took 0.026906 seconds .

========================================================================
Received Import Request.
  Time since last request: 0.000211 seconds.
  path: Assets/Textures/Mineral_04.3_initialShadingGroup_MetallicSmoothness.png
  artifactKey: Guid(79a66db4c22b9534f899b3e859b2eca7) Importer(815301076,1909f56bfc062723c751e8b465ee728b)
Start importing Assets/Textures/Mineral_04.3_initialShadingGroup_MetallicSmoothness.png using Guid(79a66db4c22b9534f899b3e859b2eca7) Importer(815301076,1909f56bfc062723c751e8b465ee728b)  -> (artifact id: 'e463b50c79e4aac8e625554d6f980c17') in 0.019967 seconds
  Import took 0.022086 seconds .

========================================================================
Received Import Request.
  Time since last request: 0.000230 seconds.
  path: Assets/Textures/Island_02_initialShadingGroup_AlbedoTransparency.png
  artifactKey: Guid(98fa7e005b2b8a1469621ff2cd82e1e9) Importer(815301076,1909f56bfc062723c751e8b465ee728b)
Start importing Assets/Textures/Island_02_initialShadingGroup_AlbedoTransparency.png using Guid(98fa7e005b2b8a1469621ff2cd82e1e9) Importer(815301076,1909f56bfc062723c751e8b465ee728b)  -> (artifact id: '01ff5a1e4e93da9300faa23408ff532a') in 0.027808 seconds
  Import took 0.029930 seconds .

========================================================================
Received Import Request.
  Time since last request: 0.000273 seconds.
  path: Assets/Textures/Island_02_initialShadingGroup_MetallicSmoothness.png
  artifactKey: Guid(02ab03083f59e5641be43391362eee23) Importer(815301076,1909f56bfc062723c751e8b465ee728b)
Start importing Assets/Textures/Island_02_initialShadingGroup_MetallicSmoothness.png using Guid(02ab03083f59e5641be43391362eee23) Importer(815301076,1909f56bfc062723c751e8b465ee728b)  -> (artifact id: '5b9a316d678d7e37583702e08bd53b1a') in 0.017792 seconds
  Import took 0.020345 seconds .

========================================================================
Received Import Request.
  Time since last request: 0.000238 seconds.
  path: Assets/Textures/Island_03_initialShadingGroup_Normal.png
  artifactKey: Guid(676f35fc61024754892fa4d39944e6f4) Importer(815301076,1909f56bfc062723c751e8b465ee728b)
Start importing Assets/Textures/Island_03_initialShadingGroup_Normal.png using Guid(676f35fc61024754892fa4d39944e6f4) Importer(815301076,1909f56bfc062723c751e8b465ee728b)  -> (artifact id: 'abde8f8bf734c0e8354cc402efb8ede0') in 0.023151 seconds
  Import took 0.025717 seconds .

========================================================================
Received Import Request.
  Time since last request: 0.000293 seconds.
  path: Assets/Textures/Mineral_04.2_initialShadingGroup_Emission.png
  artifactKey: Guid(736fb1bbd669cae44b5f55b1a6e8e2e9) Importer(815301076,1909f56bfc062723c751e8b465ee728b)
Start importing Assets/Textures/Mineral_04.2_initialShadingGroup_Emission.png using Guid(736fb1bbd669cae44b5f55b1a6e8e2e9) Importer(815301076,1909f56bfc062723c751e8b465ee728b)  -> (artifact id: 'd4004008bc2e20cf590653447e16d4bc') in 0.025415 seconds
  Import took 0.027295 seconds .

========================================================================
Received Import Request.
  Time since last request: 0.000244 seconds.
  path: Assets/Textures/Mineral_04.2_initialShadingGroup_AlbedoTransparency.png
  artifactKey: Guid(0aa653f3ae19e1646aaf9b211d665716) Importer(815301076,1909f56bfc062723c751e8b465ee728b)
Start importing Assets/Textures/Mineral_04.2_initialShadingGroup_AlbedoTransparency.png using Guid(0aa653f3ae19e1646aaf9b211d665716) Importer(815301076,1909f56bfc062723c751e8b465ee728b)  -> (artifact id: 'c57bf759cf385882487157bb2a620690') in 0.042692 seconds
  Import took 0.044531 seconds .

========================================================================
Received Import Request.
  Time since last request: 0.000189 seconds.
  path: Assets/Textures/Island_04_initialShadingGroup_MetallicSmoothness.png
  artifactKey: Guid(532b1a30e98b1f645a076d3430b55fa9) Importer(815301076,1909f56bfc062723c751e8b465ee728b)
Start importing Assets/Textures/Island_04_initialShadingGroup_MetallicSmoothness.png using Guid(532b1a30e98b1f645a076d3430b55fa9) Importer(815301076,1909f56bfc062723c751e8b465ee728b)  -> (artifact id: '34b145942f8273541a6f8ea299550f10') in 0.029228 seconds
  Import took 0.031051 seconds .

========================================================================
Received Import Request.
  Time since last request: 0.000170 seconds.
  path: Assets/Textures/Mineral_04.2_initialShadingGroup_Normal.png
  artifactKey: Guid(a21ac588863fc4643a31fc94cfcd8508) Importer(815301076,1909f56bfc062723c751e8b465ee728b)
Start importing Assets/Textures/Mineral_04.2_initialShadingGroup_Normal.png using Guid(a21ac588863fc4643a31fc94cfcd8508) Importer(815301076,1909f56bfc062723c751e8b465ee728b)  -> (artifact id: 'fc641da79e7e33a1e3fd616962822b8c') in 0.028167 seconds
  Import took 0.030121 seconds .

========================================================================
Received Import Request.
  Time since last request: 0.000184 seconds.
  path: Assets/Textures/Island_02_initialShadingGroup_Normal.png
  artifactKey: Guid(73b937145233bfb4bac2bd0d95e62c13) Importer(815301076,1909f56bfc062723c751e8b465ee728b)
Start importing Assets/Textures/Island_02_initialShadingGroup_Normal.png using Guid(73b937145233bfb4bac2bd0d95e62c13) Importer(815301076,1909f56bfc062723c751e8b465ee728b)  -> (artifact id: 'ba2f04858972e98f6fbd3f74cfbdd172') in 0.031451 seconds
  Import took 0.033380 seconds .

========================================================================
Received Import Request.
  Time since last request: 0.000235 seconds.
  path: Assets/Textures/Island_04_initialShadingGroup_AlbedoTransparency.png
  artifactKey: Guid(3ddb6fe755a774b49acf6b3fb37152f4) Importer(815301076,1909f56bfc062723c751e8b465ee728b)
Start importing Assets/Textures/Island_04_initialShadingGroup_AlbedoTransparency.png using Guid(3ddb6fe755a774b49acf6b3fb37152f4) Importer(815301076,1909f56bfc062723c751e8b465ee728b)  -> (artifact id: '6bc26737fd8cb6a3b732da5d30365082') in 0.061960 seconds
  Import took 0.063936 seconds .

========================================================================
Received Import Request.
  Time since last request: 0.000204 seconds.
  path: Assets/Textures/Island_01_initialShadingGroup_MetallicSmoothness.png
  artifactKey: Guid(34a20860e4d5e6748912d7f097c40951) Importer(815301076,1909f56bfc062723c751e8b465ee728b)
Start importing Assets/Textures/Island_01_initialShadingGroup_MetallicSmoothness.png using Guid(34a20860e4d5e6748912d7f097c40951) Importer(815301076,1909f56bfc062723c751e8b465ee728b)  -> (artifact id: '2fd19cc8bf21682b0ac0e2ef703200d5') in 0.108152 seconds
  Import took 0.110347 seconds .

========================================================================
Received Import Request.
  Time since last request: 0.000209 seconds.
  path: Assets/Textures/Island_Clutter_01_initialShadingGroup_MetallicSmoothness.png
  artifactKey: Guid(9ca5a85c6a811f24f9e4b0963d87176f) Importer(815301076,1909f56bfc062723c751e8b465ee728b)
Start importing Assets/Textures/Island_Clutter_01_initialShadingGroup_MetallicSmoothness.png using Guid(9ca5a85c6a811f24f9e4b0963d87176f) Importer(815301076,1909f56bfc062723c751e8b465ee728b)  -> (artifact id: '27adf74c470f1a82afd69187203c18aa') in 0.034314 seconds
  Import took 0.036227 seconds .

========================================================================
Received Import Request.
  Time since last request: 0.000255 seconds.
  path: Assets/Textures/Island_Waterfall_02_initialShadingGroup_AlbedoTransparency.png
  artifactKey: Guid(4e986230300ae8048a80704fbadaf3ea) Importer(815301076,1909f56bfc062723c751e8b465ee728b)
Start importing Assets/Textures/Island_Waterfall_02_initialShadingGroup_AlbedoTransparency.png using Guid(4e986230300ae8048a80704fbadaf3ea) Importer(815301076,1909f56bfc062723c751e8b465ee728b)  -> (artifact id: '4cd9a3a59178fc48f13fc5d14c6887bd') in 0.020812 seconds
  Import took 0.023581 seconds .

========================================================================
Received Import Request.
  Time since last request: 0.000170 seconds.
  path: Assets/Textures/Mineral_04_initialShadingGroup_MetallicSmoothness.png
  artifactKey: Guid(90ae846adc16fae46b2c5034f6ab978c) Importer(815301076,1909f56bfc062723c751e8b465ee728b)
Start importing Assets/Textures/Mineral_04_initialShadingGroup_MetallicSmoothness.png using Guid(90ae846adc16fae46b2c5034f6ab978c) Importer(815301076,1909f56bfc062723c751e8b465ee728b)  -> (artifact id: '173cee99a5ce10b59e5cd0913322c6dd') in 0.021057 seconds
  Import took 0.023242 seconds .

========================================================================
Received Import Request.
  Time since last request: 0.000332 seconds.
  path: Assets/Textures/Mineral_04.2_initialShadingGroup_MetallicSmoothness.png
  artifactKey: Guid(6ef949e245455fd4f90d5251ce612023) Importer(815301076,1909f56bfc062723c751e8b465ee728b)
Start importing Assets/Textures/Mineral_04.2_initialShadingGroup_MetallicSmoothness.png using Guid(6ef949e245455fd4f90d5251ce612023) Importer(815301076,1909f56bfc062723c751e8b465ee728b)  -> (artifact id: '250829e3db9442266fbbb5808590bbdc') in 0.023346 seconds
  Import took 0.025230 seconds .

========================================================================
Received Import Request.
  Time since last request: 0.000191 seconds.
  path: Assets/Textures/Island_Clutter_01_initialShadingGroup_Normal.png
  artifactKey: Guid(0e2c52419a6cad64497e18e019b4f735) Importer(815301076,1909f56bfc062723c751e8b465ee728b)
Start importing Assets/Textures/Island_Clutter_01_initialShadingGroup_Normal.png using Guid(0e2c52419a6cad64497e18e019b4f735) Importer(815301076,1909f56bfc062723c751e8b465ee728b)  -> (artifact id: '2ad90e501ae4248b217c3f3cd38fd0eb') in 0.024953 seconds
  Import took 0.026871 seconds .

========================================================================
Received Import Request.
  Time since last request: 0.000197 seconds.
  path: Assets/Textures/Island_Waterfall_01_initialShadingGroup_MetallicSmoothness.png
  artifactKey: Guid(8e684f0ea8f85b041bff21f6ac6b0ee7) Importer(815301076,1909f56bfc062723c751e8b465ee728b)
Start importing Assets/Textures/Island_Waterfall_01_initialShadingGroup_MetallicSmoothness.png using Guid(8e684f0ea8f85b041bff21f6ac6b0ee7) Importer(815301076,1909f56bfc062723c751e8b465ee728b)  -> (artifact id: '043330f7604bc66c48ab940f4b3a5454') in 0.025242 seconds
  Import took 0.027185 seconds .

========================================================================
Received Import Request.
  Time since last request: 0.000185 seconds.
  path: Assets/Textures/Island_03_initialShadingGroup_AlbedoTransparency.png
  artifactKey: Guid(45b6bda4c2f7f5b43bd7fd73b3718756) Importer(815301076,1909f56bfc062723c751e8b465ee728b)
Start importing Assets/Textures/Island_03_initialShadingGroup_AlbedoTransparency.png using Guid(45b6bda4c2f7f5b43bd7fd73b3718756) Importer(815301076,1909f56bfc062723c751e8b465ee728b)  -> (artifact id: '2a6e9005e0779a54611acd59a9b5c7ad') in 0.021075 seconds
  Import took 0.023436 seconds .

========================================================================
Received Import Request.
  Time since last request: 0.000169 seconds.
  path: Assets/Textures/Island_04_initialShadingGroup_Normal.png
  artifactKey: Guid(eceacf2141ae63c40bccf03d63cb66c9) Importer(815301076,1909f56bfc062723c751e8b465ee728b)
Start importing Assets/Textures/Island_04_initialShadingGroup_Normal.png using Guid(eceacf2141ae63c40bccf03d63cb66c9) Importer(815301076,1909f56bfc062723c751e8b465ee728b)  -> (artifact id: '28d76123b5000a4f337cc840782f501c') in 0.021829 seconds
  Import took 0.023728 seconds .

========================================================================
Received Import Request.
  Time since last request: 0.000155 seconds.
  path: Assets/Textures/Mineral_04.3_initialShadingGroup_Normal.png
  artifactKey: Guid(a6b101729b5a66e4199db9a474694734) Importer(815301076,1909f56bfc062723c751e8b465ee728b)
Start importing Assets/Textures/Mineral_04.3_initialShadingGroup_Normal.png using Guid(a6b101729b5a66e4199db9a474694734) Importer(815301076,1909f56bfc062723c751e8b465ee728b)  -> (artifact id: '854dc3b5c54ad36efd58080233d42081') in 0.019346 seconds
  Import took 0.021336 seconds .

========================================================================
Received Import Request.
  Time since last request: 0.000205 seconds.
  path: Assets/Textures/Mineral_04_initialShadingGroup_Emission.png
  artifactKey: Guid(5b832d4b663f7ee4c9cbacc9fc5867cf) Importer(815301076,1909f56bfc062723c751e8b465ee728b)
Start importing Assets/Textures/Mineral_04_initialShadingGroup_Emission.png using Guid(5b832d4b663f7ee4c9cbacc9fc5867cf) Importer(815301076,1909f56bfc062723c751e8b465ee728b)  -> (artifact id: '9f623595dd1830b96e9f4bcd4b1a173f') in 0.026586 seconds
  Import took 0.028778 seconds .

========================================================================
Received Import Request.
  Time since last request: 0.000179 seconds.
  path: Assets/Textures/Island_01_initialShadingGroup_Normal.png
  artifactKey: Guid(c8c53a06f509d1f4083541b477da12d4) Importer(815301076,1909f56bfc062723c751e8b465ee728b)
Start importing Assets/Textures/Island_01_initialShadingGroup_Normal.png using Guid(c8c53a06f509d1f4083541b477da12d4) Importer(815301076,1909f56bfc062723c751e8b465ee728b)  -> (artifact id: '2161d9ed05b0f55ce49ab4b76265067b') in 0.026195 seconds
  Import took 0.027961 seconds .

========================================================================
Received Import Request.
  Time since last request: 0.000182 seconds.
  path: Assets/Textures/Island_Clutter_01_initialShadingGroup_AlbedoTransparency.png
  artifactKey: Guid(33722a200e7d8da4babd97824fb0956c) Importer(815301076,1909f56bfc062723c751e8b465ee728b)
Start importing Assets/Textures/Island_Clutter_01_initialShadingGroup_AlbedoTransparency.png using Guid(33722a200e7d8da4babd97824fb0956c) Importer(815301076,1909f56bfc062723c751e8b465ee728b)  -> (artifact id: '03ff5c2f5ffb6af6c4f1fa30baaecb0f') in 0.021933 seconds
  Import took 0.023685 seconds .

========================================================================
Received Import Request.
  Time since last request: 0.000179 seconds.
  path: Assets/Textures/Mineral_04_initialShadingGroup_Normal.png
  artifactKey: Guid(3c8d670b363369a458f9436ce4459f7f) Importer(815301076,1909f56bfc062723c751e8b465ee728b)
Start importing Assets/Textures/Mineral_04_initialShadingGroup_Normal.png using Guid(3c8d670b363369a458f9436ce4459f7f) Importer(815301076,1909f56bfc062723c751e8b465ee728b)  -> (artifact id: '65ac677d665c5b3cad4a0e432cf1ebd6') in 0.022799 seconds
  Import took 0.024606 seconds .

========================================================================
Received Import Request.
  Time since last request: 0.000199 seconds.
  path: Assets/Textures/Mineral_04.3_initialShadingGroup_AlbedoTransparency.png
  artifactKey: Guid(f9e4a834a9be0bb448fdcea0323f0cb5) Importer(815301076,1909f56bfc062723c751e8b465ee728b)
Start importing Assets/Textures/Mineral_04.3_initialShadingGroup_AlbedoTransparency.png using Guid(f9e4a834a9be0bb448fdcea0323f0cb5) Importer(815301076,1909f56bfc062723c751e8b465ee728b)  -> (artifact id: '8bf4ddbda1a34340b1de0634e020d547') in 0.027196 seconds
  Import took 0.029186 seconds .

========================================================================
Received Import Request.
  Time since last request: 0.000187 seconds.
  path: Assets/Textures/Island_Waterfall_01_initialShadingGroup_Normal.png
  artifactKey: Guid(af165b85ba3a58c47be7be9e25763645) Importer(815301076,1909f56bfc062723c751e8b465ee728b)
Start importing Assets/Textures/Island_Waterfall_01_initialShadingGroup_Normal.png using Guid(af165b85ba3a58c47be7be9e25763645) Importer(815301076,1909f56bfc062723c751e8b465ee728b)  -> (artifact id: '7db1f8d22dd73d000bcf6b661ba71184') in 0.028895 seconds
  Import took 0.031043 seconds .

========================================================================
Received Import Request.
  Time since last request: 0.000232 seconds.
  path: Assets/Textures/Mineral_04.3_initialShadingGroup_Emission.png
  artifactKey: Guid(ff56725c3a7247044bdb5cc7b76a3954) Importer(815301076,1909f56bfc062723c751e8b465ee728b)
Start importing Assets/Textures/Mineral_04.3_initialShadingGroup_Emission.png using Guid(ff56725c3a7247044bdb5cc7b76a3954) Importer(815301076,1909f56bfc062723c751e8b465ee728b)  -> (artifact id: '86ef37bdaae481577a318539ee0820f1') in 0.023982 seconds
  Import took 0.025930 seconds .

========================================================================
Received Import Request.
  Time since last request: 0.000157 seconds.
  path: Assets/Textures/Island_Waterfall_02_initialShadingGroup_Normal.png
  artifactKey: Guid(708e0f6d57f959b4983544ecbc1c158f) Importer(815301076,1909f56bfc062723c751e8b465ee728b)
Start importing Assets/Textures/Island_Waterfall_02_initialShadingGroup_Normal.png using Guid(708e0f6d57f959b4983544ecbc1c158f) Importer(815301076,1909f56bfc062723c751e8b465ee728b)  -> (artifact id: '86ecade8da73d1c24ca847a3d33c8b96') in 0.027533 seconds
  Import took 0.029279 seconds .

========================================================================
Received Import Request.
  Time since last request: 0.000156 seconds.
  path: Assets/Textures/Island_Waterfall_01_initialShadingGroup_AlbedoTransparency.png
  artifactKey: Guid(0764dffa0ef819949a233550e1d9d307) Importer(815301076,1909f56bfc062723c751e8b465ee728b)
Start importing Assets/Textures/Island_Waterfall_01_initialShadingGroup_AlbedoTransparency.png using Guid(0764dffa0ef819949a233550e1d9d307) Importer(815301076,1909f56bfc062723c751e8b465ee728b)  -> (artifact id: '8456038e1b9dfd6216856ffd573b4d60') in 0.022246 seconds
  Import took 0.024030 seconds .

========================================================================
Received Import Request.
  Time since last request: 44.050534 seconds.
  path: Assets/Materials/Mineral_04.3_initialShadingGroup_AlbedoTransparency.mat
  artifactKey: Guid(22a7125ef8e6e8a49b048b3c2ba1af47) Importer(815301076,1909f56bfc062723c751e8b465ee728b)
Start importing Assets/Materials/Mineral_04.3_initialShadingGroup_AlbedoTransparency.mat using Guid(22a7125ef8e6e8a49b048b3c2ba1af47) Importer(815301076,1909f56bfc062723c751e8b465ee728b)  -> (artifact id: 'a5bf55a45623618380d346ede3d18175') in 0.023757 seconds
  Import took 0.026055 seconds .

========================================================================
Received Import Request.
  Time since last request: 102.024045 seconds.
  path: Assets/Materials/Mineral_04_initialShadingGroup_AlbedoTransparency.mat
  artifactKey: Guid(148a34461e1bafd4fbbbbecf2aaffe5f) Importer(815301076,1909f56bfc062723c751e8b465ee728b)
Start importing Assets/Materials/Mineral_04_initialShadingGroup_AlbedoTransparency.mat using Guid(148a34461e1bafd4fbbbbecf2aaffe5f) Importer(815301076,1909f56bfc062723c751e8b465ee728b)  -> (artifact id: 'bc628dc63a187b094b32746b38470227') in 0.019990 seconds
  Import took 0.024392 seconds .

========================================================================
Received Import Request.
  Time since last request: 53.645357 seconds.
  path: Assets/Materials/Mineral_04.2_initialShadingGroup_AlbedoTransparency.mat
  artifactKey: Guid(f8fa1382314c4e04ea90bf835725160e) Importer(815301076,1909f56bfc062723c751e8b465ee728b)
Start importing Assets/Materials/Mineral_04.2_initialShadingGroup_AlbedoTransparency.mat using Guid(f8fa1382314c4e04ea90bf835725160e) Importer(815301076,1909f56bfc062723c751e8b465ee728b)  -> (artifact id: '24a932c69c287b330953c4eaf9cc52ba') in 0.018970 seconds
  Import took 0.021499 seconds .

========================================================================
Received Import Request.
  Time since last request: 24.009103 seconds.
  path: Assets/LOWs/Materials
  artifactKey: Guid(9f18c6f6cf98fce40af89c28e777a41b) Importer(815301076,1909f56bfc062723c751e8b465ee728b)
Start importing Assets/LOWs/Materials using Guid(9f18c6f6cf98fce40af89c28e777a41b) Importer(815301076,1909f56bfc062723c751e8b465ee728b)  -> (artifact id: '7ac7a7ceb430a824856f31220c30ca57') in 0.007994 seconds
  Import took 0.009839 seconds .

========================================================================
Received Import Request.
  Time since last request: 153.193577 seconds.
  path: Assets/Materials/Island_01_initialShadingGroup_AlbedoTransparency.mat
  artifactKey: Guid(d756faa155e47e0498783a5e9f46ada7) Importer(815301076,1909f56bfc062723c751e8b465ee728b)
Start importing Assets/Materials/Island_01_initialShadingGroup_AlbedoTransparency.mat using Guid(d756faa155e47e0498783a5e9f46ada7) Importer(815301076,1909f56bfc062723c751e8b465ee728b)  -> (artifact id: 'd241a97cc9239bad8bcf3113b278493d') in 0.019413 seconds
  Import took 0.021616 seconds .

========================================================================
Received Import Request.
  Time since last request: 44.729649 seconds.
  path: Assets/Materials/Island_02_initialShadingGroup_AlbedoTransparency.mat
  artifactKey: Guid(5d6ed5c091be49e46b1e212d4e478c2f) Importer(815301076,1909f56bfc062723c751e8b465ee728b)
Start importing Assets/Materials/Island_02_initialShadingGroup_AlbedoTransparency.mat using Guid(5d6ed5c091be49e46b1e212d4e478c2f) Importer(815301076,1909f56bfc062723c751e8b465ee728b)  -> (artifact id: '07b23ef21cc6fc7061b498ce6498df81') in 0.017524 seconds
  Import took 0.020086 seconds .

========================================================================
Received Import Request.
  Time since last request: 14.791761 seconds.
  path: Assets/Materials/Island_03_initialShadingGroup_AlbedoTransparency.mat
  artifactKey: Guid(90e52434c7deb7b41a6bb7489997d3c5) Importer(815301076,1909f56bfc062723c751e8b465ee728b)
Start importing Assets/Materials/Island_03_initialShadingGroup_AlbedoTransparency.mat using Guid(90e52434c7deb7b41a6bb7489997d3c5) Importer(815301076,1909f56bfc062723c751e8b465ee728b)  -> (artifact id: '3459b999774306d02b55dd69167d6730') in 0.017788 seconds
  Import took 0.020610 seconds .

========================================================================
Received Import Request.
  Time since last request: 15.978160 seconds.
  path: Assets/Materials/Island_04_initialShadingGroup_AlbedoTransparency.mat
  artifactKey: Guid(25b4911232e221646b00e9ddcc49e8e4) Importer(815301076,1909f56bfc062723c751e8b465ee728b)
Start importing Assets/Materials/Island_04_initialShadingGroup_AlbedoTransparency.mat using Guid(25b4911232e221646b00e9ddcc49e8e4) Importer(815301076,1909f56bfc062723c751e8b465ee728b)  -> (artifact id: '2f9421ec0fc0a62efc29fd242117b24d') in 0.019403 seconds
  Import took 0.023064 seconds .

========================================================================
Received Import Request.
  Time since last request: 23.892471 seconds.
  path: Assets/Materials/Island_Clutter_01_initialShadingGroup_AlbedoTransparency.mat
  artifactKey: Guid(01e20e7796f0bd94c9eb1af168127c0b) Importer(815301076,1909f56bfc062723c751e8b465ee728b)
Start importing Assets/Materials/Island_Clutter_01_initialShadingGroup_AlbedoTransparency.mat using Guid(01e20e7796f0bd94c9eb1af168127c0b) Importer(815301076,1909f56bfc062723c751e8b465ee728b)  -> (artifact id: '0378933c99b0bafbb48767cb93d57556') in 0.018885 seconds
  Import took 0.021166 seconds .

AssetImportWorkerClient::OnTransportError - code=2 error=End of file
